  Camera.cpp
  Framebuffer.cpp
  Game.cpp
  GameObject.cpp
  imgui.cpp
  imgui_demo.cpp
  imgui_draw.cpp
  imgui_impl.cpp
  IO.cpp
  Light.cpp
  main.cpp
  Mesh.cpp
  ResourceManager.cpp
  ShaderProgram.cpp
  Texture.cpp
  TextureCube.cpp
  Timer.cpp
  Transform.cpp
  UI.cpp
  UniformBuffer.cpp
  Generating Code...
  Compiling...
  VertexBufferObject.cpp
  Generating Code...
  LINK : D:\InterCG-Assignment-1-Josh-Rob\INFR 2350\Debug\OpenGL_Framework.exe not found or not built by the last incremental link; performing full link
  OpenGL_Framework.vcxproj -> D:\InterCG-Assignment-1-Josh-Rob\INFR 2350\Debug\OpenGL_Framework.exe
